<?xml version="1.0" encoding="UTF-8"?>
<!-- Generated by org.testng.reporters.JUnitReportReporter -->
<testsuite hostname="DESKTOP-UMQHIUK" failures="0" tests="3" name="com.prac.testng.GroupsAndDepends" time="0.022" errors="0" timestamp="2023-09-30T23:14:09 IST" skipped="0">
  <testcase classname="com.prac.testng.GroupsAndDepends" name="Method2" time="0.003"/>
  <testcase classname="com.prac.testng.GroupsAndDepends" name="Method1" time="0.016"/>
  <testcase classname="com.prac.testng.GroupsAndDepends" name="Method3" time="0.003"/>
</testsuite> <!-- com.prac.testng.GroupsAndDepends -->
