<?xml version="1.0" encoding="UTF-8"?>
<!-- Generated by org.testng.reporters.JUnitReportReporter -->
<testsuite hostname="DESKTOP-UMQHIUK" failures="0" tests="4" name="com.prac.testng.Class1" time="0.032" errors="0" timestamp="2023-09-30T20:35:01 IST" skipped="0">
  <testcase classname="com.prac.testng.Class1" name="Test1" time="0.012"/>
  <testcase classname="com.prac.testng.Class1" name="Test1" time="0.006"/>
  <testcase classname="com.prac.testng.Class1" name="Test1" time="0.006"/>
  <testcase classname="com.prac.testng.Class1" name="Test1" time="0.008"/>
</testsuite> <!-- com.prac.testng.Class1 -->
