<?xml version="1.0" encoding="UTF-8"?>
<!-- Generated by org.testng.reporters.JUnitReportReporter -->
<testsuite hostname="DESKTOP-UMQHIUK" failures="0" tests="1" name="com.actions.CtrlClickTest" time="7.788" errors="0" timestamp="2023-10-09T22:46:15 IST" skipped="0">
  <testcase classname="com.actions.CtrlClickTest" name="TestWindow" time="7.788"/>
</testsuite> <!-- com.actions.CtrlClickTest -->
