<?xml version="1.0" encoding="UTF-8"?>
<!-- Generated by org.testng.reporters.JUnitReportReporter -->
<testsuite hostname="DESKTOP-UMQHIUK" failures="0" tests="1" name="com.prac.testng.TestSuitePrac3" time="0.011" errors="0" timestamp="2023-09-30T22:57:55 IST" skipped="0">
  <testcase classname="com.prac.testng.TestSuitePrac3" name="f" time="0.011"/>
</testsuite> <!-- com.prac.testng.TestSuitePrac3 -->
