<?xml version="1.0" encoding="UTF-8"?>
<!-- Generated by org.testng.reporters.JUnitReportReporter -->
<testsuite hostname="DESKTOP-UMQHIUK" failures="0" tests="1" name="com.actions.Screenshot" time="7.681" errors="0" timestamp="2023-10-10T21:35:33 IST" skipped="0">
  <testcase classname="com.actions.Screenshot" name="TakeScreenshot" time="7.681"/>
</testsuite> <!-- com.actions.Screenshot -->
